============================================================
  Generated by:           Genus(TM) Synthesis Solution 20.11-s111_1
  Generated on:           Mar 25 2026  04:16:11 pm
  Module:                 bfv_top
  Operating conditions:   slow (balanced_tree)
  Wireload mode:          enclosed
  Area mode:              timing library
============================================================

                                
   Gate    Instances    Area     Library  
------------------------------------------
ADDFHXL           13    951.350    tsmc18 
ADDHXL             2     73.181    tsmc18 
AND2X1             1     13.306    tsmc18 
AND2X2            11    146.362    tsmc18 
AND2X4             4     66.528    tsmc18 
AND2XL            18    239.501    tsmc18 
AND3X2            12    199.584    tsmc18 
AND3X4             5     99.792    tsmc18 
AND3XL             5     83.160    tsmc18 
AND4X1             2     39.917    tsmc18 
AND4X2             2     39.917    tsmc18 
AND4X4             1     36.590    tsmc18 
AOI211XL           1     16.632    tsmc18 
AOI21X1           10    133.056    tsmc18 
AOI21X2            4     93.139    tsmc18 
AOI21X4            1     33.264    tsmc18 
AOI21XL          100   1330.560    tsmc18 
AOI221XL           2     46.570    tsmc18 
AOI22X1            3     49.896    tsmc18 
AOI22XL          138   2295.216    tsmc18 
AOI2BB1X1          4     66.528    tsmc18 
AOI2BB1XL         10    166.320    tsmc18 
AOI2BB2X1          4     93.139    tsmc18 
AOI2BB2X4          1     49.896    tsmc18 
AOI2BB2XL         26    605.405    tsmc18 
AOI31XL            9    149.688    tsmc18 
AOI32XL            6    139.709    tsmc18 
BUFX3              1     13.306    tsmc18 
CLKBUFX8          45   1047.816    tsmc18 
CLKINVX2          15    149.688    tsmc18 
CLKINVX3           7     69.854    tsmc18 
CLKINVX4           1     13.306    tsmc18 
CMPR42X1          35   3958.416    tsmc18 
DFFRHQX1           2    139.709    tsmc18 
DFFRHQX2           1     86.486    tsmc18 
DFFRHQX4          11   1170.893    tsmc18 
DFFRHQXL          11    768.398    tsmc18 
DFFRX1             4    306.029    tsmc18 
DFFRXL            13    994.594    tsmc18 
DFFTRXL           59   3336.379    tsmc18 
DFFXL              2    113.098    tsmc18 
INVX1             28    186.278    tsmc18 
INVX2             21    209.563    tsmc18 
INVX3              9    119.750    tsmc18 
INVX4              7     93.139    tsmc18 
INVXL            405   2694.384    tsmc18 
MXI2X2             1     26.611    tsmc18 
MXI2XL             8    186.278    tsmc18 
NAND2BX1           1     13.306    tsmc18 
NAND2BX2           2     39.917    tsmc18 
NAND2BXL          43    572.141    tsmc18 
NAND2X1           23    229.522    tsmc18 
NAND2X2           29    482.328    tsmc18 
NAND2X4            7    162.994    tsmc18 
NAND2XL          450   4490.640    tsmc18 
NAND3BX1           1     16.632    tsmc18 
NAND3BX2           1     26.611    tsmc18 
NAND3BXL           3     49.896    tsmc18 
NAND3X1           19    252.806    tsmc18 
NAND3X2           14    325.987    tsmc18 
NAND3X4            1     33.264    tsmc18 
NAND3XL           33    439.085    tsmc18 
NAND4BX1           1     23.285    tsmc18 
NAND4BXL           1     19.958    tsmc18 
NAND4X1            5     83.160    tsmc18 
NAND4X2            6    179.626    tsmc18 
NAND4XL           11    182.952    tsmc18 
NOR2BX2            1     19.958    tsmc18 
NOR2BXL           32    425.779    tsmc18 
NOR2X1            27    269.438    tsmc18 
NOR2X2            22    365.904    tsmc18 
NOR2X4             7    162.994    tsmc18 
NOR2XL           277   2764.238    tsmc18 
NOR3BXL            1     19.958    tsmc18 
NOR3XL            10    133.056    tsmc18 
NOR4BBXL           1     26.611    tsmc18 
NOR4BXL            1     19.958    tsmc18 
NOR4XL             3     59.875    tsmc18 
OAI211X1           2     39.917    tsmc18 
OAI211X2           1     33.264    tsmc18 
OAI211XL          16    319.334    tsmc18 
OAI21X2            1     26.611    tsmc18 
OAI21XL          140   1862.784    tsmc18 
OAI22X1            1     19.958    tsmc18 
OAI22XL          117   2335.133    tsmc18 
OAI2BB1X1          8    133.056    tsmc18 
OAI2BB1X2         21    488.981    tsmc18 
OAI2BB1X4          8    266.112    tsmc18 
OAI2BB1XL         72   1197.504    tsmc18 
OAI2BB2X4          1     49.896    tsmc18 
OAI2BB2XL         75   1746.360    tsmc18 
OAI31XL            1     19.958    tsmc18 
OAI32XL            1     23.285    tsmc18 
OR2X1              1     13.306    tsmc18 
OR2XL             11    146.362    tsmc18 
XNOR2X1            1     26.611    tsmc18 
------------------------------------------
total           2592  43582.493           


                                          
     Type      Instances    Area   Area % 
------------------------------------------
sequential           103  6915.586   15.9 
inverter             493  3535.963    8.1 
buffer                46  1061.122    2.4 
logic               1950 32069.823   73.6 
physical_cells         0     0.000    0.0 
------------------------------------------
total               2592 43582.493  100.0 

