============================================================
  Generated by:           Genus(TM) Synthesis Solution 20.11-s111_1
  Generated on:           Mar 25 2026  04:16:10 pm
  Module:                 bfv_top
  Operating conditions:   slow (balanced_tree)
  Wireload mode:          enclosed
  Area mode:              timing library
============================================================


Path 1: MET (0 ps) Setup Check with Pin u_keygen_u_mult_ask_result_reg[1]/CK->D
          Group: clk
     Startpoint: (R) u_keygen_u_mult_ask_product_pipe_reg[22]/CK
          Clock: (R) clk
       Endpoint: (F) u_keygen_u_mult_ask_result_reg[1]/D
          Clock: (R) clk

                     Capture       Launch     
        Clock Edge:+   10000            0     
       Src Latency:+       0            0     
       Net Latency:+       0 (I)        0 (I) 
           Arrival:=   10000            0     
                                              
             Setup:-     256                  
       Uncertainty:-     200                  
     Required Time:=    9544                  
      Launch Clock:-       0                  
         Data Path:-    9543                  
             Slack:=       0                  

#----------------------------------------------------------------------------------------------------------------------
#                Timing Point                  Flags    Arc   Edge   Cell     Fanout Load Trans Delay Arrival Instance 
#                                                                                    (fF)  (ps)  (ps)   (ps)  Location 
#----------------------------------------------------------------------------------------------------------------------
  u_keygen_u_mult_ask_product_pipe_reg[22]/CK  -       -      R     (arrival)    103    -   200     0       0    (-,-) 
  u_keygen_u_mult_ask_product_pipe_reg[22]/Q   -       CK->Q  F     DFFRHQX4       3  9.3    65   254     254    (-,-) 
  u_keygen_u_mult_ask_rem_29_42_g58298/Y       -       A->Y   R     INVX1          2  7.1   126    91     344    (-,-) 
  u_keygen_u_mult_ask_rem_29_42_g58253/Y       -       A->Y   F     NAND2X1        1  8.2   111    90     434    (-,-) 
  u_keygen_u_mult_ask_rem_29_42_g58216/Y       -       B->Y   R     NOR2X2         1  8.7   147   132     566    (-,-) 
  u_keygen_u_mult_ask_rem_29_42_g58199/Y       -       B->Y   F     NAND3X2        1 15.6   134   114     680    (-,-) 
  u_keygen_u_mult_ask_rem_29_42_g58196/Y       -       A->Y   R     NAND2X4        2 19.0   131    97     777    (-,-) 
  u_keygen_u_mult_ask_rem_29_42_g58188/Y       -       A->Y   F     CLKINVX3       4 15.9    90    76     853    (-,-) 
  u_keygen_u_mult_ask_rem_29_42_g58186/Y       -       A->Y   R     INVX1          3  8.9   150   109     962    (-,-) 
  u_keygen_u_mult_ask_rem_29_42_g58163/Y       -       A->Y   F     NOR2XL         2  4.7   126    80    1042    (-,-) 
  u_keygen_u_mult_ask_rem_29_42_g58111/Y       -       AN->Y  F     NAND4BX1       1  8.2   193   263    1304    (-,-) 
  u_keygen_u_mult_ask_rem_29_42_g58064/Y       -       B->Y   R     NOR2X2         4 12.5   195   164    1468    (-,-) 
  u_keygen_u_mult_ask_rem_29_42_g58053/Y       -       A->Y   F     NAND2X1        2  6.9   110    90    1559    (-,-) 
  u_keygen_u_mult_ask_rem_29_42_g57999/Y       -       A1N->Y F     OAI2BB1X4      7 28.5   128   192    1751    (-,-) 
  u_keygen_u_mult_ask_rem_29_42_g57990/Y       -       A->Y   R     INVX2         10 31.4   224   161    1912    (-,-) 
  u_keygen_u_mult_ask_rem_29_42_g57975/Y       -       A->Y   F     NAND2XL        1  2.6    92    78    1989    (-,-) 
  u_keygen_u_mult_ask_rem_29_42_g57927/Y       -       B0->Y  R     OAI2BB1XL      1  8.1   211   150    2139    (-,-) 
  u_keygen_u_mult_ask_rem_29_42_g57896/Y       -       B0->Y  F     AOI21X2        2  7.6   120    67    2206    (-,-) 
  u_keygen_u_mult_ask_rem_29_42_g57875/Y       -       B->Y   F     AND2X2         2 10.3    77   194    2400    (-,-) 
  u_keygen_u_mult_ask_rem_29_42_g57851/Y       -       A->Y   R     INVX2          4 12.9   112    84    2484    (-,-) 
  u_keygen_u_mult_ask_rem_29_42_g57800/Y       -       A->Y   F     NOR2X1         1  9.0   125    80    2565    (-,-) 
  u_keygen_u_mult_ask_rem_29_42_g57771/Y       -       B->Y   R     NAND4X2        7 20.8   260   168    2733    (-,-) 
  u_keygen_u_mult_ask_rem_29_42_g57672/Y       -       A1N->Y R     OAI2BB1X4     10 40.6   190   243    2976    (-,-) 
  u_keygen_u_mult_ask_rem_29_42_g57671/Y       -       A->Y   F     INVX2          7 22.5   103    88    3064    (-,-) 
  u_keygen_u_mult_ask_rem_29_42_g57629/Y       -       A1N->Y F     OAI2BB1XL      1  8.2   153   234    3297    (-,-) 
  u_keygen_u_mult_ask_rem_29_42_g57583/Y       -       B->Y   R     NOR2X2         9 27.4   316   237    3534    (-,-) 
  u_keygen_u_mult_ask_rem_29_42_g57576/Y       -       A->Y   F     INVXL          4 10.3   148   130    3664    (-,-) 
  u_keygen_u_mult_ask_rem_29_42_g58337/Y       -       AN->Y  F     NAND2BXL       4 12.3   193   260    3924    (-,-) 
  u_keygen_u_mult_ask_rem_29_42_g57445/Y       -       B->Y   R     NOR2X1         4 11.9   299   230    4154    (-,-) 
  u_keygen_u_mult_ask_rem_29_42_g57413/Y       -       A->Y   F     NAND2XL        1  3.1   127    87    4241    (-,-) 
  u_keygen_u_mult_ask_rem_29_42_g57317/Y       -       A0->Y  R     AOI21XL        1  3.4   215   178    4420    (-,-) 
  u_keygen_u_mult_ask_rem_29_42_g57266/Y       -       B0->Y  F     OAI22XL        1  4.1   137   136    4556    (-,-) 
  u_keygen_u_mult_ask_rem_29_42_g57246/Y       -       B0->Y  R     AOI2BB1X1      2  5.5   187   159    4714    (-,-) 
  u_keygen_u_mult_ask_rem_29_42_g57211/Y       -       B->Y   R     AND3X2         1 15.6   146   245    4960    (-,-) 
  u_keygen_u_mult_ask_rem_29_42_g57202/Y       -       A->Y   F     NAND2X4        5 19.7    89    70    5030    (-,-) 
  u_keygen_u_mult_ask_rem_29_42_g57172/Y       -       A1N->Y F     OAI2BB1X2      1  7.8    83   176    5206    (-,-) 
  u_keygen_u_mult_ask_rem_29_42_g57158/Y       -       A->Y   R     NAND2X2        2 13.2   160    94    5300    (-,-) 
  u_keygen_u_mult_ask_rem_29_42_g57130/Y       -       B->Y   F     NAND3X2        1 15.6   141   115    5416    (-,-) 
  u_keygen_u_mult_ask_rem_29_42_g57121/Y       -       A->Y   R     NAND2X4       15 48.6   215   151    5566    (-,-) 
  u_keygen_u_mult_ask_rem_29_42_g57114/Y       -       A->Y   F     CLKINVX2       5 16.0   138   116    5682    (-,-) 
  u_keygen_u_mult_ask_rem_29_42_g57081/Y       -       A1N->Y F     OAI2BB1XL      1  3.1    97   201    5883    (-,-) 
  u_keygen_u_mult_ask_rem_29_42_g57069/Y       -       A->Y   R     NAND2XL        1  8.2   210   140    6023    (-,-) 
  u_keygen_u_mult_ask_rem_29_42_g57053/Y       -       A->Y   F     NAND3X2        5 17.3   156   116    6138    (-,-) 
  u_keygen_u_mult_ask_rem_29_42_g57020/Y       -       B->Y   R     NAND2XL        2  6.3   180   150    6288    (-,-) 
  u_keygen_u_mult_ask_rem_29_42_g57015/Y       -       A->Y   F     INVX1          2 10.1   101    87    6376    (-,-) 
  u_keygen_u_mult_ask_rem_29_42_g56947/Y       -       A0->Y  R     AOI21X1        1 12.4   340   240    6616    (-,-) 
  u_keygen_u_mult_ask_rem_29_42_g56935/Y       -       B0->Y  F     OAI2BB1X4     10 39.9   143   115    6731    (-,-) 
  u_keygen_u_mult_ask_rem_29_42_g56906/Y       -       B->Y   R     NAND2X2        4 18.2   173   143    6873    (-,-) 
  u_keygen_u_mult_ask_rem_29_42_g56900/Y       -       A->Y   F     INVX3         11 27.6    92    80    6953    (-,-) 
  u_keygen_u_mult_ask_rem_29_42_g56866/Y       -       A1N->Y F     OAI2BB1XL      2  6.8   137   219    7172    (-,-) 
  u_keygen_u_mult_ask_rem_29_42_g56828/Y       -       B->Y   R     NOR2X1         1  9.4   251   196    7368    (-,-) 
  u_keygen_u_mult_ask_rem_29_42_g56804/Y       -       C->Y   F     NAND4X2        5 22.3   219   180    7548    (-,-) 
  u_keygen_u_mult_ask_rem_29_42_g56797/Y       -       A->Y   R     CLKINVX3       4 12.8    98    82    7630    (-,-) 
  u_keygen_u_mult_ask_rem_29_42_g56783/Y       -       A->Y   F     NAND2XL        1  4.6   112    79    7710    (-,-) 
  u_keygen_u_mult_ask_rem_29_42_g56757/Y       -       A0->Y  R     AOI21X1        1 12.4   341   243    7952    (-,-) 
  u_keygen_u_mult_ask_rem_29_42_g56715__2346/Y -       B0->Y  F     OAI2BB1X4      2 31.9   128   102    8054    (-,-) 
  u_keygen_u_mult_ask_rem_29_42_g56690__2398/Y -       A->Y   R     NAND2X4        4 26.8   148   109    8164    (-,-) 
  u_keygen_u_mult_ask_rem_29_42_g56684/Y       -       A->Y   F     INVX4         13 38.6    84    73    8237    (-,-) 
  u_keygen_u_mult_ask_rem_29_42_g56661__8428/Y -       A->Y   R     NAND2XL        2  8.2   211   137    8374    (-,-) 
  u_keygen_u_mult_ask_rem_29_42_g56617__2346/Y -       A->Y   F     NAND3XL        2  5.8   170   136    8510    (-,-) 
  u_keygen_u_mult_ask_rem_29_42_g56583__1705/Y -       A->Y   R     NOR2XL         1  7.5   282   204    8713    (-,-) 
  u_keygen_u_mult_ask_rem_29_42_g56536__3680/Y -       C->Y   R     AND4X4         4 23.3   121   257    8970    (-,-) 
  u_keygen_u_mult_ask_rem_29_42_g56527__2398/Y -       A->Y   F     NOR2X2         2 19.8   137    80    9050    (-,-) 
  u_keygen_u_mult_ask_rem_29_42_g56497__6783/Y -       A->Y   R     NOR2X4         3 19.4   159   121    9172    (-,-) 
  u_keygen_u_mult_ask_rem_29_42_g56490/Y       -       A->Y   F     INVX4         13 57.0   110    96    9268    (-,-) 
  u_keygen_u_mult_ask_rem_29_42_g56452__5107/Y -       B0->Y  R     AOI2BB2X1      1  4.3   199   161    9429    (-,-) 
  u_keygen_u_mult_ask_rem_29_42_g56408__6131/Y -       B0->Y  F     OAI211X1       1  3.1   135   114    9543    (-,-) 
  u_keygen_u_mult_ask_result_reg[1]/D          <<<     -      F     DFFRHQXL       1    -     -     0    9543    (-,-) 
#----------------------------------------------------------------------------------------------------------------------

