============================================================
  Generated by:           Genus(TM) Synthesis Solution 20.11-s111_1
  Generated on:           Mar 25 2026  04:34:52 pm
  Module:                 bfv_top
  Operating conditions:   slow (balanced_tree)
  Wireload mode:          enclosed
  Area mode:              timing library
============================================================


Path 1: MET (0 ps) Setup Check with Pin u_keygen_u_mult_ask_result_reg[11]/CK->D
          Group: clk
     Startpoint: (R) u_keygen_u_mult_ask_product_pipe_reg[19]/CK
          Clock: (R) clk
       Endpoint: (F) u_keygen_u_mult_ask_result_reg[11]/D
          Clock: (R) clk

                     Capture       Launch     
        Clock Edge:+   10000            0     
       Src Latency:+       0            0     
       Net Latency:+       0 (I)        0 (I) 
           Arrival:=   10000            0     
                                              
             Setup:-      59                  
       Uncertainty:-     200                  
     Required Time:=    9741                  
      Launch Clock:-       0                  
         Data Path:-    9740                  
             Slack:=       0                  

#----------------------------------------------------------------------------------------------------------------------
#                Timing Point                  Flags    Arc   Edge   Cell     Fanout Load Trans Delay Arrival Instance 
#                                                                                    (fF)  (ps)  (ps)   (ps)  Location 
#----------------------------------------------------------------------------------------------------------------------
  u_keygen_u_mult_ask_product_pipe_reg[19]/CK  -       -      R     (arrival)    103    -   100     0       0    (-,-) 
  u_keygen_u_mult_ask_product_pipe_reg[19]/Q   -       CK->Q  F     DFFRHQX1       3  8.6    81   389     389    (-,-) 
  g36042/Y                                     -       AN->Y  F     NAND2BX1       2  4.4    85   147     536    (-,-) 
  g36063/Y                                     -       C->Y   R     NOR3X1         2  4.9   166   142     678    (-,-) 
  u_keygen_u_mult_ask_rem_29_42_g26502/Y       -       B->Y   R     CLKAND2X2      2 16.4    94   179     857    (-,-) 
  u_keygen_u_mult_ask_rem_29_42_g26493/Y       -       A0->Y  F     AOI21X4        8 15.7    93    96     953    (-,-) 
  u_keygen_u_mult_ask_rem_29_42_g26460/Y       -       A1->Y  R     AOI22X1        5  8.2   184   174    1127    (-,-) 
  u_keygen_u_mult_ask_rem_29_42_g26419/Y       -       A->Y   F     INVXL          4  6.8   122   116    1243    (-,-) 
  u_keygen_u_mult_ask_rem_29_42_g26366/Y       -       C->Y   R     NOR3XL         4  7.2   366   292    1535    (-,-) 
  u_keygen_u_mult_ask_rem_29_42_g26329/Y       -       A->Y   R     CLKAND2X2      6 11.0    81   181    1716    (-,-) 
  u_keygen_u_mult_ask_rem_29_42_g26291/Y       -       A2->Y  F     OAI31X1        1  2.8    98    78    1793    (-,-) 
  u_keygen_u_mult_ask_rem_29_42_g26280/Y       -       B0->Y  R     AOI21X1        2  6.9   148   137    1930    (-,-) 
  u_keygen_u_mult_ask_rem_29_42_g26270/Y       -       A->Y   F     INVXL          1  5.5   100    97    2027    (-,-) 
  u_keygen_u_mult_ask_rem_29_42_g26259/Y       -       A->Y   R     NAND2X2        5 12.0    76    85    2113    (-,-) 
  u_keygen_u_mult_ask_rem_29_42_g26253/Y       -       A->Y   F     CLKINVX2      12 22.3    87    83    2196    (-,-) 
  u_keygen_u_mult_ask_rem_29_42_g26208/Y       -       A1->Y  R     OAI21XL        1  1.7   114   104    2300    (-,-) 
  u_keygen_u_mult_ask_rem_29_42_g26204/Y       -       B->Y   R     AND2X1         6 10.1   110   197    2496    (-,-) 
  u_keygen_u_mult_ask_rem_29_42_g26157/Y       -       B->Y   R     AND2XL         3  6.0   111   177    2673    (-,-) 
  u_keygen_u_mult_ask_rem_29_42_g26123/Y       -       B->Y   F     NAND2X1        7 15.8   261   192    2865    (-,-) 
  u_keygen_u_mult_ask_rem_29_42_g26087/Y       -       A->Y   R     NOR2X2         4  8.8   126   136    3001    (-,-) 
  u_keygen_u_mult_ask_rem_29_42_g26072/Y       -       C->Y   F     NOR3XL         1  2.8    87    71    3072    (-,-) 
  u_keygen_u_mult_ask_rem_29_42_g26048/Y       -       C0->Y  R     AOI211X1       2  8.2   262   211    3284    (-,-) 
  u_keygen_u_mult_ask_rem_29_42_g26042/Y       -       B->Y   R     AND2X4        12 20.3    96   258    3541    (-,-) 
  u_keygen_u_mult_ask_rem_29_42_g26032/Y       -       A->Y   F     CLKINVX1       3  5.1    58    60    3601    (-,-) 
  u_keygen_u_mult_ask_rem_29_42_g26009/Y       -       A1->Y  R     OAI21XL        1  1.7   101    96    3697    (-,-) 
  u_keygen_u_mult_ask_rem_29_42_g25978/Y       -       B0->Y  F     AOI21XL        2  3.9   171    75    3772    (-,-) 
  u_keygen_u_mult_ask_rem_29_42_g25961/Y       -       A->Y   F     CLKAND2X2      4  7.0    57   186    3958    (-,-) 
  u_keygen_u_mult_ask_rem_29_42_g25943/Y       -       B->Y   F     CLKAND2X2      4 10.2    67   146    4104    (-,-) 
  u_keygen_u_mult_ask_rem_29_42_g25934/Y       -       B->Y   R     NAND2X2        3  6.3    58    54    4158    (-,-) 
  u_keygen_u_mult_ask_rem_29_42_g25897/Y       -       B->Y   F     NOR2XL         7 11.6   160   125    4283    (-,-) 
  u_keygen_u_mult_ask_rem_29_42_g25864/Y       -       B->Y   F     OR2X1          1  5.5    73   187    4470    (-,-) 
  u_keygen_u_mult_ask_rem_29_42_g25830/Y       -       A->Y   R     NAND2X2        2 13.7    84    82    4552    (-,-) 
  u_keygen_u_mult_ask_rem_29_42_g25818/Y       -       B->Y   F     NAND2X4       13 22.0   107    93    4645    (-,-) 
  u_keygen_u_mult_ask_rem_29_42_g25804/Y       -       B->Y   R     NAND2XL        2  4.5   111    99    4744    (-,-) 
  u_keygen_u_mult_ask_rem_29_42_g25771/Y       -       A1N->Y R     AOI2BB2X1      7 12.1   245   270    5014    (-,-) 
  u_keygen_u_mult_ask_rem_29_42_g25750/Y       -       B->Y   R     AND2X1         3  6.2    86   198    5212    (-,-) 
  u_keygen_u_mult_ask_rem_29_42_g25726/Y       -       B->Y   F     NAND2X1        3  5.0   117    90    5302    (-,-) 
  u_keygen_u_mult_ask_rem_29_42_g25703/Y       -       B->Y   R     NOR2XL         3  5.5   188   170    5471    (-,-) 
  u_keygen_u_mult_ask_rem_29_42_g25694/Y       -       B->Y   R     CLKAND2X2      5  9.3    75   159    5630    (-,-) 
  u_keygen_u_mult_ask_rem_29_42_g25663/Y       -       A1->Y  F     OAI21X1        2  6.9   139   111    5741    (-,-) 
  u_keygen_u_mult_ask_rem_29_42_g25657/Y       -       A->Y   R     INVXL          1  2.8    75    84    5825    (-,-) 
  u_keygen_u_mult_ask_rem_29_42_g25649/Y       -       A->Y   R     AND2X4        12 21.9    96   215    6040    (-,-) 
  u_keygen_u_mult_ask_rem_29_42_g25612/Y       -       A1->Y  F     AOI21XL        1  2.2   100    97    6137    (-,-) 
  u_keygen_u_mult_ask_rem_29_42_g25593/Y       -       B->Y   F     CLKAND2X2      5  9.2    64   157    6295    (-,-) 
  u_keygen_u_mult_ask_rem_29_42_g25585/Y       -       A->Y   R     INVXL          3  8.8   143   124    6419    (-,-) 
  u_keygen_u_mult_ask_rem_29_42_g25541/Y       -       A->Y   F     NOR2X2         5  8.4    73    71    6490    (-,-) 
  u_keygen_u_mult_ask_rem_29_42_g25526/Y       -       B->Y   F     AND2X1         3  6.2    62   123    6613    (-,-) 
  u_keygen_u_mult_ask_rem_29_42_g25507/Y       -       B->Y   R     NAND2X1        3  8.1    90    82    6695    (-,-) 
  u_keygen_u_mult_ask_rem_29_42_g25480__2802/Y -       A1->Y  R     AO21X4         9 19.8    94   229    6923    (-,-) 
  u_keygen_u_mult_ask_rem_29_42_g25474/Y       -       A->Y   F     CLKINVX1       8 13.5   107   100    7024    (-,-) 
  u_keygen_u_mult_ask_rem_29_42_g25441__5526/Y -       A0->Y  R     AOI22XL        1  1.7   118   134    7158    (-,-) 
  u_keygen_u_mult_ask_rem_29_42_g25420__8246/Y -       B0->Y  F     OAI21XL        1  2.8   113   109    7267    (-,-) 
  u_keygen_u_mult_ask_rem_29_42_g25395__6161/Y -       B0->Y  R     AOI21X1        5  8.4   173   157    7424    (-,-) 
  u_keygen_u_mult_ask_rem_29_42_g25374__1705/Y -       B->Y   F     NAND2XL        1  2.6   111   106    7530    (-,-) 
  u_keygen_u_mult_ask_rem_29_42_g25360__5107/Y -       A->Y   R     NOR2X1         3  5.8   121   124    7654    (-,-) 
  u_keygen_u_mult_ask_rem_29_42_g26585/Y       -       AN->Y  R     NOR2BX1        6 13.3   245   252    7906    (-,-) 
  u_keygen_u_mult_ask_rem_29_42_g25289__8246/Y -       A1N->Y R     AOI2BB1X4      8 16.7   110   212    8119    (-,-) 
  u_keygen_u_mult_ask_rem_29_42_g25280/Y       -       A->Y   F     CLKINVX2       9 19.1    85    85    8204    (-,-) 
  u_keygen_u_mult_ask_rem_29_42_g25264__1666/Y -       A->Y   R     NAND2X2       13 23.2   113   112    8316    (-,-) 
  u_keygen_u_mult_ask_rem_29_42_g25224__9315/Y -       A1N->Y R     AOI2BB1X1      1  5.6   121   163    8479    (-,-) 
  u_keygen_u_mult_ask_rem_29_42_g25215__5122/Y -       B0->Y  F     OAI2BB1X2      9 14.4   130   120    8599    (-,-) 
  u_keygen_u_mult_ask_rem_29_42_g25163__1705/Y -       A->Y   R     NOR2XL         1  4.0   152   145    8744    (-,-) 
  u_keygen_u_mult_ask_rem_29_42_g25155__6783/Y -       A->Y   R     CLKAND2X3      3  9.8    53   131    8875    (-,-) 
  u_keygen_u_mult_ask_rem_29_42_g26579/Y       -       AN->Y  R     NOR2BX1        4 12.3   223   226    9102    (-,-) 
  u_keygen_u_mult_ask_rem_29_42_g25120/Y       -       A->Y   F     INVXL          3  5.1   116   105    9206    (-,-) 
  u_keygen_u_mult_ask_rem_29_42_g25105__5107/Y -       B->Y   R     NOR2BXL        3  7.0   232   202    9408    (-,-) 
  u_keygen_u_mult_ask_rem_29_42_g25081__5122/Y -       B->Y   F     NAND2XL        1  1.6   106    92    9500    (-,-) 
  u_keygen_u_mult_ask_rem_29_42_g25027__7482/Y -       A1->Y  R     AOI21XL        1  1.7   104   105    9605    (-,-) 
  u_keygen_u_mult_ask_rem_29_42_g24994__8246/Y -       A1->Y  F     OAI211XL       1  2.3   154   135    9740    (-,-) 
  u_keygen_u_mult_ask_result_reg[11]/D         <<<     -      F     DFFRHQX1       1    -     -     0    9740    (-,-) 
#----------------------------------------------------------------------------------------------------------------------

