============================================================
  Generated by:           Genus(TM) Synthesis Solution 20.11-s111_1
  Generated on:           Mar 25 2026  04:34:52 pm
  Module:                 bfv_top
  Operating conditions:   slow (balanced_tree)
  Wireload mode:          enclosed
  Area mode:              timing library
============================================================

                                
   Gate    Instances    Area    Library 
----------------------------------------
ADDFXL           121   2381.207    slow 
ADDHXL             1     12.110    slow 
AND2X1            12     54.497    slow 
AND2X4             2     16.652    slow 
AND2XL            32    145.325    slow 
AND3XL             1      6.055    slow 
AO21X4             1      9.840    slow 
AO21XL             2     15.138    slow 
AOI211X1           2     10.597    slow 
AOI211XL           3     15.895    slow 
AOI21X1           13     59.038    slow 
AOI21X2            4     33.304    slow 
AOI21X4            3     43.143    slow 
AOI21XL          141    640.337    slow 
AOI221X1           3     22.707    slow 
AOI22X1            1      6.055    slow 
AOI22XL           83    502.582    slow 
AOI2BB1X1          5     30.276    slow 
AOI2BB1X2          2     16.652    slow 
AOI2BB1X4          2     24.221    slow 
AOI2BB1XL         19    115.049    slow 
AOI2BB2X1          1      9.083    slow 
AOI2BB2XL          2     18.166    slow 
AOI31X1            1      6.055    slow 
AOI31XL            6     36.331    slow 
AOI32XL            2     13.624    slow 
BUFX8             45    510.908    slow 
CLKAND2X2         29    153.651    slow 
CLKAND2X3          1      9.083    slow 
CLKAND2X6          2     30.276    slow 
CLKINVX1          20     45.414    slow 
CLKINVX2           8     30.276    slow 
DFFQXL            61    969.589    slow 
DFFRHQX1          42    858.325    slow 
INVX2              1      3.784    slow 
INVXL            293    665.315    slow 
MX2XL              6     45.414    slow 
MXI2X1             1      6.812    slow 
MXI2XL           121    732.679    slow 
NAND2BX1           2      9.083    slow 
NAND2BXL          30    136.242    slow 
NAND2X1           15     56.767    slow 
NAND2X2           16     96.883    slow 
NAND2X4            3     29.519    slow 
NAND2XL          235    711.486    slow 
NAND3X1            1      4.541    slow 
NAND3XL           18     81.745    slow 
NAND4BXL           1      6.812    slow 
NOR2BX1            4     18.166    slow 
NOR2BX2            1      6.812    slow 
NOR2BXL           34    154.408    slow 
NOR2X1            11     41.630    slow 
NOR2X2             4     24.221    slow 
NOR2X4             2     19.679    slow 
NOR2XL           234    708.458    slow 
NOR3BX2            1      9.840    slow 
NOR3BXL            4     24.221    slow 
NOR3X1             2      9.083    slow 
NOR3X2             1      9.083    slow 
NOR3XL            13     59.038    slow 
NOR4BXL            1      6.812    slow 
NOR4XL             1      6.055    slow 
OA21XL             6     40.873    slow 
OA22XL             1      7.569    slow 
OAI211X1           1      5.298    slow 
OAI211XL          13     68.878    slow 
OAI21X1            9     40.873    slow 
OAI21X2            4     33.304    slow 
OAI21X4            1     14.381    slow 
OAI21XL          200    908.280    slow 
OAI221X2           1     13.624    slow 
OAI22XL          121    732.679    slow 
OAI2BB1X1          8     42.386    slow 
OAI2BB1X2          5     37.845    slow 
OAI2BB1X4          1     12.110    slow 
OAI2BB1XL         42    222.529    slow 
OAI31X1            1      6.055    slow 
OAI31X2            1     11.354    slow 
OAI31XL            1      6.055    slow 
OAI32XL            4     27.248    slow 
OAI33XL            1      8.326    slow 
OR2X1              1      4.541    slow 
OR2XL              2      9.083    slow 
----------------------------------------
total           2153  12789.339         


                                          
     Type      Instances    Area   Area % 
------------------------------------------
sequential           103  1827.913   14.3 
inverter             322   744.790    5.8 
buffer                45   510.908    4.0 
logic               1683  9705.729   75.9 
physical_cells         0     0.000    0.0 
------------------------------------------
total               2153 12789.339  100.0 

